Build started 2016-01-18 3:54:56 PM.
     1>Project "C:\Users\Cole\Documents\cmput403\Freckles\Freckles\Freckles.vcxproj" on node 2 (Build target(s)).
     1>ClCompile:
         C:\Program Files (x86)\Microsoft Visual Studio 14.0\VC\bin\CL.exe /c /ZI /nologo /W3 /WX- /Od /Oy- /D WIN32 /D _DEBUG /D _CONSOLE /D _UNICODE /D UNICODE /Gm /EHsc /RTC1 /MDd /GS /fp:precise /Zc:wchar_t /Zc:forScope /Zc:inline /Fo"Debug\\" /Fd"Debug\vc140.pdb" /Gd /TP /analyze- /errorReport:prompt Freckles.cpp
         Freckles.cpp
     1>c:\users\cole\documents\cmput403\freckles\freckles\freckles.cpp(36): warning C4244: 'argument': conversion from 'double' to 'int', possible loss of data
     1>c:\users\cole\documents\cmput403\freckles\freckles\freckles.cpp(36): warning C4244: 'return': conversion from 'double' to 'int', possible loss of data
     1>c:\users\cole\documents\cmput403\freckles\freckles\freckles.cpp(54): warning C4244: 'return': conversion from 'double' to 'int', possible loss of data
     1>c:\users\cole\documents\cmput403\freckles\freckles\freckles.cpp(60): warning C4996: 'freopen': This function or variable may be unsafe. Consider using freopen_s instead. To disable deprecation, use _CRT_SECURE_NO_WARNINGS. See online help for details.
         c:\program files (x86)\windows kits\10\include\10.0.10150.0\ucrt\stdio.h(240): note: see declaration of 'freopen'
     1>c:\users\cole\documents\cmput403\freckles\freckles\freckles.cpp(95): warning C4018: '<': signed/unsigned mismatch
     1>c:\users\cole\documents\cmput403\freckles\freckles\freckles.cpp(97): warning C4018: '<': signed/unsigned mismatch
     1>c:\users\cole\documents\cmput403\freckles\freckles\freckles.cpp(110): warning C4018: '<': signed/unsigned mismatch
     1>c:\users\cole\documents\cmput403\freckles\freckles\freckles.cpp(113): warning C4244: 'argument': conversion from 'double' to 'int', possible loss of data
     1>c:\users\cole\documents\cmput403\freckles\freckles\freckles.cpp(116): warning C4244: 'argument': conversion from 'double' to 'int', possible loss of data
       Link:
         C:\Program Files (x86)\Microsoft Visual Studio 14.0\VC\bin\link.exe /ERRORREPORT:PROMPT /OUT:"C:\Users\Cole\Documents\cmput403\Freckles\Debug\Freckles.exe" /INCREMENTAL /NOLOGO kernel32.lib user32.lib gdi32.lib winspool.lib comdlg32.lib advapi32.lib shell32.lib ole32.lib oleaut32.lib uuid.lib odbc32.lib odbccp32.lib /MANIFEST /MANIFESTUAC:"level='asInvoker' uiAccess='false'" /manifest:embed /Debug /PDB:"C:\Users\Cole\Documents\cmput403\Freckles\Debug\Freckles.pdb" /SUBSYSTEM:CONSOLE /TLBID:1 /DYNAMICBASE /NXCOMPAT /IMPLIB:"C:\Users\Cole\Documents\cmput403\Freckles\Debug\Freckles.lib" /MACHINE:X86 Debug\Freckles.obj
         Debug\stdafx.obj
         Freckles.vcxproj -> C:\Users\Cole\Documents\cmput403\Freckles\Debug\Freckles.exe
     1>Done Building Project "C:\Users\Cole\Documents\cmput403\Freckles\Freckles\Freckles.vcxproj" (Build target(s)).

Build succeeded.

Time Elapsed 00:00:01.30
